<?xml version="1.0" encoding="UTF-8"?>
<!-- Generated by org.testng.reporters.JUnitReportReporter -->
<testsuite skipped="0" hostname="AncitaMathias27" name="com.abc.testng.Class1" tests="1" failures="0" timestamp="09 Jan 2019 17:01:46 GMT" time="0.015" errors="0">
  <testcase name="testcase" time="0.015" classname="com.abc.testng.Class1"/>
</testsuite> <!-- com.abc.testng.Class1 -->
